0 info it worked if it ends with ok
1 verbose cli [ '/Users/yangchen/.nvm/versions/node/v6.3.0/bin/node',
1 verbose cli   '/Users/yangchen/.nvm/versions/node/v6.3.0/bin/npm',
1 verbose cli   'run',
1 verbose cli   'test' ]
2 info using npm@3.10.3
3 info using node@v6.3.0
4 verbose run-script [ 'pretest', 'test', 'posttest' ]
5 info lifecycle yujian-slides-config-server@0.1.0~pretest: yujian-slides-config-server@0.1.0
6 silly lifecycle yujian-slides-config-server@0.1.0~pretest: no script for pretest, continuing
7 info lifecycle yujian-slides-config-server@0.1.0~test: yujian-slides-config-server@0.1.0
8 verbose lifecycle yujian-slides-config-server@0.1.0~test: unsafe-perm in lifecycle true
9 verbose lifecycle yujian-slides-config-server@0.1.0~test: PATH: /Users/yangchen/.nvm/versions/node/v6.3.0/lib/node_modules/npm/bin/node-gyp-bin:/Volumes/Labs/limijiaoyin-config-server/node_modules/.bin:/Users/yangchen/.nvm/versions/node/v6.3.0/bin:/Users/yangchen/.rvm/gems/ruby-2.2.0/bin:/Users/yangchen/.rvm/gems/ruby-2.2.0@global/bin:/Users/yangchen/.rvm/rubies/ruby-2.2.0/bin:/Users/yangchen/.nvm/versions/node/v6.3.0/bin:/Library/Frameworks/Python.framework/Versions/3.5/bin:/usr/local/bin:/usr/bin:/bin:/usr/sbin:/sbin:/usr/local/go/bin:/Users/yangchen/bin:/Users/yangchen/.rvm/bin:/usr/local/go/bin:/Volumes/labs/golang/bin
10 verbose lifecycle yujian-slides-config-server@0.1.0~test: CWD: /Volumes/Labs/limijiaoyin-config-server
11 silly lifecycle yujian-slides-config-server@0.1.0~test: Args: [ '-c', 'mocha' ]
12 silly lifecycle yujian-slides-config-server@0.1.0~test: Returned: code: 1  signal: null
13 info lifecycle yujian-slides-config-server@0.1.0~test: Failed to exec test script
14 verbose stack Error: yujian-slides-config-server@0.1.0 test: `mocha`
14 verbose stack Exit status 1
14 verbose stack     at EventEmitter.<anonymous> (/Users/yangchen/.nvm/versions/node/v6.3.0/lib/node_modules/npm/lib/utils/lifecycle.js:242:16)
14 verbose stack     at emitTwo (events.js:106:13)
14 verbose stack     at EventEmitter.emit (events.js:191:7)
14 verbose stack     at ChildProcess.<anonymous> (/Users/yangchen/.nvm/versions/node/v6.3.0/lib/node_modules/npm/lib/utils/spawn.js:40:14)
14 verbose stack     at emitTwo (events.js:106:13)
14 verbose stack     at ChildProcess.emit (events.js:191:7)
14 verbose stack     at maybeClose (internal/child_process.js:852:16)
14 verbose stack     at Process.ChildProcess._handle.onexit (internal/child_process.js:215:5)
15 verbose pkgid yujian-slides-config-server@0.1.0
16 verbose cwd /Volumes/Labs/limijiaoyin-config-server
17 error Darwin 15.6.0
18 error argv "/Users/yangchen/.nvm/versions/node/v6.3.0/bin/node" "/Users/yangchen/.nvm/versions/node/v6.3.0/bin/npm" "run" "test"
19 error node v6.3.0
20 error npm  v3.10.3
21 error code ELIFECYCLE
22 error yujian-slides-config-server@0.1.0 test: `mocha`
22 error Exit status 1
23 error Failed at the yujian-slides-config-server@0.1.0 test script 'mocha'.
23 error Make sure you have the latest version of node.js and npm installed.
23 error If you do, this is most likely a problem with the yujian-slides-config-server package,
23 error not with npm itself.
23 error Tell the author that this fails on your system:
23 error     mocha
23 error You can get information on how to open an issue for this project with:
23 error     npm bugs yujian-slides-config-server
23 error Or if that isn't available, you can get their info via:
23 error     npm owner ls yujian-slides-config-server
23 error There is likely additional logging output above.
24 verbose exit [ 1, true ]
